<?xml version="1.0" encoding="UTF-8"?>
<testng-results ignored="0" total="1" passed="1" failed="0" skipped="0">
  <reporter-output>
  </reporter-output>
  <suite started-at="2023-04-09T18:00:55 IST" name="Default suite" finished-at="2023-04-09T18:01:09 IST" duration-ms="13439">
    <groups>
    </groups>
    <test started-at="2023-04-09T18:00:55 IST" name="Default test" finished-at="2023-04-09T18:01:09 IST" duration-ms="13439">
      <class name="practiceTests.samplerunTest">
        <test-method is-config="true" signature="before_Suite()[pri:0, instance:practiceTests.samplerunTest@131774fe]" started-at="2023-04-09T18:00:55 IST" name="before_Suite" finished-at="2023-04-09T18:00:55 IST" duration-ms="22" status="PASS">
          <reporter-output>
          </reporter-output>
        </test-method> <!-- before_Suite -->
        <test-method is-config="true" signature="before_Test()[pri:0, instance:practiceTests.samplerunTest@131774fe]" started-at="2023-04-09T18:00:55 IST" name="before_Test" finished-at="2023-04-09T18:00:55 IST" duration-ms="0" status="PASS">
          <reporter-output>
          </reporter-output>
        </test-method> <!-- before_Test -->
        <test-method is-config="true" signature="launch_Browser()[pri:0, instance:practiceTests.samplerunTest@131774fe]" started-at="2023-04-09T18:00:55 IST" name="launch_Browser" finished-at="2023-04-09T18:01:01 IST" duration-ms="5997" status="PASS">
          <reporter-output>
          </reporter-output>
        </test-method> <!-- launch_Browser -->
        <test-method is-config="true" signature="login_Application()[pri:0, instance:practiceTests.samplerunTest@131774fe]" started-at="2023-04-09T18:01:01 IST" name="login_Application" finished-at="2023-04-09T18:01:04 IST" duration-ms="2558" status="PASS">
          <reporter-output>
          </reporter-output>
        </test-method> <!-- login_Application -->
        <test-method signature="practiceTest1()[pri:0, instance:practiceTests.samplerunTest@131774fe]" started-at="2023-04-09T18:01:04 IST" name="practiceTest1" finished-at="2023-04-09T18:01:04 IST" duration-ms="8" status="PASS">
          <reporter-output>
          </reporter-output>
        </test-method> <!-- practiceTest1 -->
        <test-method is-config="true" signature="logout_Application()[pri:0, instance:practiceTests.samplerunTest@131774fe]" started-at="2023-04-09T18:01:04 IST" name="logout_Application" finished-at="2023-04-09T18:01:08 IST" duration-ms="3912" status="PASS">
          <reporter-output>
          </reporter-output>
        </test-method> <!-- logout_Application -->
        <test-method is-config="true" signature="close_Driver()[pri:0, instance:practiceTests.samplerunTest@131774fe]" started-at="2023-04-09T18:01:08 IST" name="close_Driver" finished-at="2023-04-09T18:01:09 IST" duration-ms="910" status="PASS">
          <reporter-output>
          </reporter-output>
        </test-method> <!-- close_Driver -->
        <test-method is-config="true" signature="after_Test()[pri:0, instance:practiceTests.samplerunTest@131774fe]" started-at="2023-04-09T18:01:09 IST" name="after_Test" finished-at="2023-04-09T18:01:09 IST" duration-ms="0" status="PASS">
          <reporter-output>
          </reporter-output>
        </test-method> <!-- after_Test -->
        <test-method is-config="true" signature="after_Suite()[pri:0, instance:practiceTests.samplerunTest@131774fe]" started-at="2023-04-09T18:01:09 IST" name="after_Suite" finished-at="2023-04-09T18:01:09 IST" duration-ms="0" status="PASS">
          <reporter-output>
          </reporter-output>
        </test-method> <!-- after_Suite -->
      </class> <!-- practiceTests.samplerunTest -->
    </test> <!-- Default test -->
  </suite> <!-- Default suite -->
</testng-results>
